-------------------------------------------------------------------------------
Test set: controllers.ControllerUnitTest
-------------------------------------------------------------------------------
Tests run: 1, Failures: 0, Errors: 1, Skipped: 0, Time elapsed: 0.62 s <<< FAILURE! - in controllers.ControllerUnitTest
controllers.ControllerUnitTest  Time elapsed: 0.616 s  <<< ERROR!
java.lang.IllegalStateException: Unable to find a @SpringBootConfiguration, you need to use @ContextConfiguration or @SpringBootTest(classes=...) with your test

